2025-06-04 09:32:52,563 - WARNING - Neither CUDA nor MPS are available - defaulting to CPU. Note: This module is much faster with a GPU.
2025-06-04 09:32:54,608 - INFO - EasyOCR inicializado. Tentando usar GPU.
2025-06-04 09:32:54,608 - INFO - PyTorch detectou MKL (otimização para CPU Intel).
2025-06-04 09:32:54,609 - INFO - Iniciando a busca otimizada de documentos...
2025-06-04 09:32:54,741 - INFO - 🔍 Total de PDFs a processar: 6245
2025-06-04 09:32:54,741 - INFO - Usando 4 threads para processamento (o OCR pode usar GPU em paralelo).
2025-06-04 09:32:54,746 - INFO - Fitz não encontrou ou não conseguiu ler, usando OCR (via GPU/CPU) para: RH - ANEXOS-1110241-LOURIVAL RIBEIRO COSTA-8242.pdf
2025-06-04 09:32:54,749 - INFO - Fitz não encontrou ou não conseguiu ler, usando OCR (via GPU/CPU) para: RH - ANEXOS-1110241-LOURIVAL RIBEIRO COSTA-8246.pdf
2025-06-04 09:32:54,755 - INFO - Fitz não encontrou ou não conseguiu ler, usando OCR (via GPU/CPU) para: RH - ANEXOS-1110241-LOURIVAL RIBEIRO COSTA-8249.pdf
2025-06-04 09:32:54,761 - INFO - Fitz não encontrou ou não conseguiu ler, usando OCR (via GPU/CPU) para: RH - ANEXOS-1110241-LOURIVAL RIBEIRO COSTA-8251.pdf
2025-06-04 09:33:30,712 - INFO - Fitz não encontrou ou não conseguiu ler, usando OCR (via GPU/CPU) para: RH - ANEXOS-1110241-LOURIVAL RIBEIRO COSTA-8252.pdf
2025-06-04 09:33:31,908 - INFO - Fitz não encontrou ou não conseguiu ler, usando OCR (via GPU/CPU) para: RH - ANEXOS-1110241-LOURIVAL RIBEIRO COSTA-8255.pdf
2025-06-04 09:33:45,356 - INFO - Fitz não encontrou ou não conseguiu ler, usando OCR (via GPU/CPU) para: RH - ANEXOS-1110241-LOURIVAL RIBEIRO COSTA-8256.pdf
2025-06-04 09:33:58,514 - INFO - Fitz não encontrou ou não conseguiu ler, usando OCR (via GPU/CPU) para: RH - ANEXOS-1110241-LOURIVAL RIBEIRO COSTA-8258.pdf
2025-06-04 09:34:09,314 - INFO - Fitz não encontrou ou não conseguiu ler, usando OCR (via GPU/CPU) para: RH - ANEXOS-1110241-LOURIVAL RIBEIRO COSTA-8261.pdf
2025-06-04 09:34:23,904 - INFO - Fitz não encontrou ou não conseguiu ler, usando OCR (via GPU/CPU) para: RH - ANEXOS-1110241-LOURIVAL RIBEIRO COSTA-8263.pdf
2025-06-04 09:34:50,281 - INFO - Fitz não encontrou ou não conseguiu ler, usando OCR (via GPU/CPU) para: RH - ANEXOS-1110241-LOURIVAL RIBEIRO COSTA-8264.pdf
2025-06-04 09:34:50,941 - INFO - Fitz não encontrou ou não conseguiu ler, usando OCR (via GPU/CPU) para: RH - ANEXOS-1110241-LOURIVAL RIBEIRO COSTA-8266.pdf
2025-06-04 09:35:03,256 - INFO - Fitz não encontrou ou não conseguiu ler, usando OCR (via GPU/CPU) para: RH - ANEXOS-1110241-LOURIVAL RIBEIRO COSTA-8267.pdf
2025-06-04 09:35:07,763 - INFO - Progresso: 10/6245 PDFs processados. Último: RH - ANEXOS-1110241-LOURIVAL RIBEIRO COSTA-8264.pdf - Não encontrado
2025-06-04 09:35:07,766 - INFO - Fitz não encontrou ou não conseguiu ler, usando OCR (via GPU/CPU) para: RH - ANEXOS-1110241-LOURIVAL RIBEIRO COSTA-8268.pdf
2025-06-04 09:35:41,161 - INFO - Fitz não encontrou ou não conseguiu ler, usando OCR (via GPU/CPU) para: RH - ANEXOS-1110241-LOURIVAL RIBEIRO COSTA-8269.pdf
2025-06-04 09:35:52,712 - INFO - Fitz não encontrou ou não conseguiu ler, usando OCR (via GPU/CPU) para: RH - ANEXOS-1110241-LOURIVAL RIBEIRO COSTA-8272.pdf
2025-06-04 09:36:01,103 - INFO - Fitz não encontrou ou não conseguiu ler, usando OCR (via GPU/CPU) para: RH - ANEXOS-1110241-LOURIVAL RIBEIRO COSTA-8274.pdf
2025-06-04 09:36:01,536 - INFO - Fitz não encontrou ou não conseguiu ler, usando OCR (via GPU/CPU) para: RH - ANEXOS-1110241-LOURIVAL RIBEIRO COSTA-8276.pdf
2025-06-04 09:36:25,378 - INFO - Fitz não encontrou ou não conseguiu ler, usando OCR (via GPU/CPU) para: RH - ANEXOS-1110241-LOURIVAL RIBEIRO COSTA-8277.pdf
2025-06-04 09:36:41,159 - INFO - Fitz não encontrou ou não conseguiu ler, usando OCR (via GPU/CPU) para: RH - ANEXOS-1110241-LOURIVAL RIBEIRO COSTA-8279.pdf
2025-06-04 09:36:53,180 - INFO - Fitz não encontrou ou não conseguiu ler, usando OCR (via GPU/CPU) para: RH - ANEXOS-1110241-LOURIVAL RIBEIRO COSTA-8280.pdf
2025-06-04 09:37:01,389 - INFO - Fitz não encontrou ou não conseguiu ler, usando OCR (via GPU/CPU) para: RH - ANEXOS-1110241-LOURIVAL RIBEIRO COSTA-8281.pdf
2025-06-04 09:37:07,829 - INFO - Fitz não encontrou ou não conseguiu ler, usando OCR (via GPU/CPU) para: RH - ANEXOS-1110241-LOURIVAL RIBEIRO COSTA-8284.pdf
2025-06-04 09:37:12,878 - INFO - Progresso: 20/6245 PDFs processados. Último: RH - ANEXOS-1110241-LOURIVAL RIBEIRO COSTA-8281.pdf - Não encontrado
2025-06-04 09:37:12,906 - INFO - Fitz não encontrou ou não conseguiu ler, usando OCR (via GPU/CPU) para: RH - ANEXOS-1110241-LOURIVAL RIBEIRO COSTA-8285.pdf
2025-06-04 09:37:22,309 - INFO - Fitz não encontrou ou não conseguiu ler, usando OCR (via GPU/CPU) para: RH - ANEXOS-1110241-LOURIVAL RIBEIRO COSTA-8286.pdf
2025-06-04 09:37:26,602 - INFO - Fitz não encontrou ou não conseguiu ler, usando OCR (via GPU/CPU) para: RH - ANEXOS-1110241-LOURIVAL RIBEIRO COSTA-8287.pdf
2025-06-04 09:37:39,849 - INFO - Fitz não encontrou ou não conseguiu ler, usando OCR (via GPU/CPU) para: RH - ANEXOS-1110241-LOURIVAL RIBEIRO COSTA-8288.pdf
2025-06-04 09:37:41,775 - INFO - Fitz não encontrou ou não conseguiu ler, usando OCR (via GPU/CPU) para: RH - ANEXOS-1110241-LOURIVAL RIBEIRO COSTA-8290.pdf
2025-06-04 09:37:52,991 - INFO - Fitz não encontrou ou não conseguiu ler, usando OCR (via GPU/CPU) para: RH - ANEXOS-1110241-LOURIVAL RIBEIRO COSTA-8291.pdf
2025-06-04 09:37:53,899 - INFO - Fitz não encontrou ou não conseguiu ler, usando OCR (via GPU/CPU) para: RH - ANEXOS-1110241-LOURIVAL RIBEIRO COSTA-8292.pdf
2025-06-04 09:37:56,385 - INFO - Fitz não encontrou ou não conseguiu ler, usando OCR (via GPU/CPU) para: RH - ANEXOS-1110241-LOURIVAL RIBEIRO COSTA-8293.pdf
2025-06-04 09:37:58,333 - INFO - Fitz não encontrou ou não conseguiu ler, usando OCR (via GPU/CPU) para: RH - ASO - ATESTADO DE SAUDE OCUPACIONAL - PERIODICO-1110241-LOURIVAL RIBEIRO COSTA-8213.pdf
2025-06-04 09:38:09,137 - INFO - Fitz não encontrou ou não conseguiu ler, usando OCR (via GPU/CPU) para: RH - ASO - ATESTADO DE SAUDE OCUPACIONAL - PERIODICO-1110241-LOURIVAL RIBEIRO COSTA-8215.pdf
2025-06-04 09:38:12,286 - INFO - Progresso: 30/6245 PDFs processados. Último: RH - ANEXOS-1110241-LOURIVAL RIBEIRO COSTA-8292.pdf - Não encontrado
2025-06-04 09:38:12,320 - INFO - Fitz não encontrou ou não conseguiu ler, usando OCR (via GPU/CPU) para: RH - ASO - ATESTADO DE SAUDE OCUPACIONAL - PERIODICO-1110241-LOURIVAL RIBEIRO COSTA-8218.pdf
2025-06-04 09:38:13,808 - INFO - Fitz não encontrou ou não conseguiu ler, usando OCR (via GPU/CPU) para: RH - ASO - ATESTADO DE SAUDE OCUPACIONAL - PERIODICO-1110241-LOURIVAL RIBEIRO COSTA-8220.pdf
2025-06-04 09:38:28,762 - INFO - Fitz não encontrou ou não conseguiu ler, usando OCR (via GPU/CPU) para: RH - ASO - ATESTADO DE SAUDE OCUPACIONAL - PERIODICO-1110241-LOURIVAL RIBEIRO COSTA-8222.pdf
2025-06-04 09:38:36,285 - INFO - Fitz não encontrou ou não conseguiu ler, usando OCR (via GPU/CPU) para: RH - ASO - ATESTADO DE SAUDE OCUPACIONAL - PERIODICO-1110241-LOURIVAL RIBEIRO COSTA-8224.pdf
2025-06-04 09:38:38,449 - INFO - Fitz não encontrou ou não conseguiu ler, usando OCR (via GPU/CPU) para: RH - ASO - ATESTADO DE SAUDE OCUPACIONAL - PERIODICO-1110241-LOURIVAL RIBEIRO COSTA-8227.pdf
2025-06-04 09:38:45,990 - INFO - Fitz não encontrou ou não conseguiu ler, usando OCR (via GPU/CPU) para: RH - ASO - ATESTADO DE SAUDE OCUPACIONAL - PERIODICO-1110241-LOURIVAL RIBEIRO COSTA-8229.pdf
2025-06-04 09:38:52,020 - INFO - Fitz não encontrou ou não conseguiu ler, usando OCR (via GPU/CPU) para: RH - ASO - ATESTADO DE SAUDE OCUPACIONAL - PERIODICO-1110241-LOURIVAL RIBEIRO COSTA-8237.pdf
2025-06-04 09:39:01,801 - INFO - Fitz não encontrou ou não conseguiu ler, usando OCR (via GPU/CPU) para: RH - ASO - ATESTADO DE SAUDE OCUPACIONAL ADMISSIONAL-1110241-LOURIVAL RIBEIRO COSTA-8275.pdf
2025-06-04 09:39:06,287 - INFO - Fitz não encontrou ou não conseguiu ler, usando OCR (via GPU/CPU) para: RH - ASO - ATESTADO DE SAUDE OCUPACIONAL ADMISSIONAL-1110241-LOURIVAL RIBEIRO COSTA-8297.pdf
2025-06-04 09:39:28,172 - INFO - Fitz não encontrou ou não conseguiu ler, usando OCR (via GPU/CPU) para: RH - ATESTADOS OU DECLARACOES MEDICAS-1110241-LOURIVAL RIBEIRO COSTA-8210.pdf
2025-06-04 09:39:31,904 - INFO - Progresso: 40/6245 PDFs processados. Último: RH - ASO - ATESTADO DE SAUDE OCUPACIONAL ADMISSIONAL-1110241-LOURIVAL RIBEIRO COSTA-8297.pdf - Não encontrado
2025-06-04 09:39:31,933 - INFO - Fitz não encontrou ou não conseguiu ler, usando OCR (via GPU/CPU) para: RH - ATESTADOS OU DECLARACOES MEDICAS-1110241-LOURIVAL RIBEIRO COSTA-8235.pdf
2025-06-04 09:39:32,117 - INFO - Fitz não encontrou ou não conseguiu ler, usando OCR (via GPU/CPU) para: RH - ATESTADOS OU DECLARACOES MEDICAS-1110241-LOURIVAL RIBEIRO COSTA-8236.pdf
2025-06-04 09:40:10,136 - INFO - Fitz não encontrou ou não conseguiu ler, usando OCR (via GPU/CPU) para: RH - AVISO DE FERIAS-1110241-LOURIVAL RIBEIRO COSTA-8181.pdf
2025-06-04 09:40:34,510 - INFO - Fitz não encontrou ou não conseguiu ler, usando OCR (via GPU/CPU) para: RH - AVISO PREVIO - DISPENSA SEM JUSTA CAUSA-1110241-LOURIVAL RIBEIRO COSTA-8131.pdf
2025-06-04 09:40:41,939 - INFO - Fitz não encontrou ou não conseguiu ler, usando OCR (via GPU/CPU) para: RH - CARTA DE ADVERTENCIA DISCIPLINAR-1110241-LOURIVAL RIBEIRO COSTA-8259.pdf
2025-06-04 09:40:56,354 - INFO - Fitz não encontrou ou não conseguiu ler, usando OCR (via GPU/CPU) para: RH - CARTA DE ADVERTENCIA DISCIPLINAR-1110241-LOURIVAL RIBEIRO COSTA-8262.pdf
2025-06-04 09:41:04,829 - INFO - Fitz não encontrou ou não conseguiu ler, usando OCR (via GPU/CPU) para: RH - CARTA DE ADVERTENCIA DISCIPLINAR-1110241-LOURIVAL RIBEIRO COSTA-8265.pdf
2025-06-04 09:41:16,062 - INFO - Fitz não encontrou ou não conseguiu ler, usando OCR (via GPU/CPU) para: RH - CARTA DE ADVERTENCIA DISCIPLINAR-1110241-LOURIVAL RIBEIRO COSTA-8270.pdf
2025-06-04 09:41:27,228 - INFO - Fitz não encontrou ou não conseguiu ler, usando OCR (via GPU/CPU) para: RH - CARTA DE ADVERTENCIA DISCIPLINAR-1110241-LOURIVAL RIBEIRO COSTA-8271.pdf
2025-06-04 09:41:38,609 - INFO - Fitz não encontrou ou não conseguiu ler, usando OCR (via GPU/CPU) para: RH - CARTA DE ADVERTENCIA DISCIPLINAR-1110241-LOURIVAL RIBEIRO COSTA-8278.pdf
2025-06-04 09:41:46,349 - INFO - Progresso: 50/6245 PDFs processados. Último: RH - CARTA DE ADVERTENCIA DISCIPLINAR-1110241-LOURIVAL RIBEIRO COSTA-8270.pdf - Não encontrado
2025-06-04 09:41:46,378 - INFO - Fitz não encontrou ou não conseguiu ler, usando OCR (via GPU/CPU) para: RH - CARTA DE ADVERTENCIA DISCIPLINAR-1110241-LOURIVAL RIBEIRO COSTA-8295.pdf
2025-06-04 09:41:53,869 - INFO - Fitz não encontrou ou não conseguiu ler, usando OCR (via GPU/CPU) para: RH - CARTEIRA DE TRABALHO E PREVIDENCIA SOCIAL-1110241-LOURIVAL RIBEIRO COSTA-8240.pdf
2025-06-04 09:41:54,464 - INFO - Fitz não encontrou ou não conseguiu ler, usando OCR (via GPU/CPU) para: RH - CARTEIRA DE TRABALHO E PREVIDENCIA SOCIAL-1110241-LOURIVAL RIBEIRO COSTA-8243.pdf
2025-06-04 09:42:17,902 - INFO - Fitz não encontrou ou não conseguiu ler, usando OCR (via GPU/CPU) para: RH - CARTEIRA DE TRABALHO E PREVIDENCIA SOCIAL-1110241-LOURIVAL RIBEIRO COSTA-8245.pdf
2025-06-04 09:42:49,423 - INFO - Fitz não encontrou ou não conseguiu ler, usando OCR (via GPU/CPU) para: RH - CARTEIRA DE TRABALHO E PREVIDENCIA SOCIAL-1110241-LOURIVAL RIBEIRO COSTA-8289.pdf
2025-06-04 09:43:04,636 - INFO - Fitz não encontrou ou não conseguiu ler, usando OCR (via GPU/CPU) para: RH - DECLARACAO DE ENCARGOS DE FAMILIA PARA IRRF-1110241-LOURIVAL RIBEIRO COSTA-8283.pdf
2025-06-04 09:43:10,530 - INFO - Fitz não encontrou ou não conseguiu ler, usando OCR (via GPU/CPU) para: RH - DOCUMENTOS PESSOAIS - CERTIDAO DE CASAMENTO-1110241-LOURIVAL RIBEIRO COSTA-8260.pdf
2025-06-04 09:43:18,735 - INFO - Fitz não encontrou ou não conseguiu ler, usando OCR (via GPU/CPU) para: RH - DOCUMENTOS PESSOAIS - CERTIDAO DE NASCIMENTO (DEPENDETES)-1110241-LOURIVAL RIBEIRO COSTA-8247.pdf
2025-06-04 09:43:41,791 - INFO - Fitz não encontrou ou não conseguiu ler, usando OCR (via GPU/CPU) para: RH - DOCUMENTOS PESSOAIS - CERTIDAO DE NASCIMENTO (DEPENDETES)-1110241-LOURIVAL RIBEIRO COSTA-8250.pdf
2025-06-04 09:43:44,266 - INFO - Fitz não encontrou ou não conseguiu ler, usando OCR (via GPU/CPU) para: RH - DOCUMENTOS PESSOAIS - CERTIDAO DE NASCIMENTO (DEPENDETES)-1110241-LOURIVAL RIBEIRO COSTA-8254.pdf
2025-06-04 09:44:08,616 - INFO - Progresso: 60/6245 PDFs processados. Último: RH - DOCUMENTOS PESSOAIS - CERTIDAO DE NASCIMENTO (DEPENDETES)-1110241-LOURIVAL RIBEIRO COSTA-8247.pdf - Não encontrado
2025-06-04 09:44:08,971 - INFO - Fitz não encontrou ou não conseguiu ler, usando OCR (via GPU/CPU) para: RH - DOCUMENTOS PESSOAIS - CERTIDAO DE NASCIMENTO (DEPENDETES)-1110241-LOURIVAL RIBEIRO COSTA-8257.pdf
2025-06-04 09:44:57,613 - INFO - Fitz não encontrou ou não conseguiu ler, usando OCR (via GPU/CPU) para: RH - DOCUMENTOS PESSOAIS - COMPROVANTE DE ENDERECO COM CEP-1110241-LOURIVAL RIBEIRO COSTA-8248.pdf
2025-06-04 09:45:24,419 - INFO - Fitz não encontrou ou não conseguiu ler, usando OCR (via GPU/CPU) para: RH - DOCUMENTOS PESSOAIS - RG (REGISTRO GERAL)-1110241-LOURIVAL RIBEIRO COSTA-8239.pdf
2025-06-04 09:45:56,047 - INFO - Fitz não encontrou ou não conseguiu ler, usando OCR (via GPU/CPU) para: RH - FICHA DE REGISTRO DE EMPREGADO-1110241-LOURIVAL RIBEIRO COSTA-8294.pdf
2025-06-04 09:46:33,127 - INFO - Fitz não encontrou ou não conseguiu ler, usando OCR (via GPU/CPU) para: RH - KIT MENSAL-1110241-LOURIVAL RIBEIRO COSTA-8296.pdf
2025-06-04 09:46:43,385 - INFO - Fitz não encontrou ou não conseguiu ler, usando OCR (via GPU/CPU) para: RH - KIT MENSAL-1110241-LOURIVAL RIBEIRO COSTA-8300.pdf
2025-06-04 09:47:44,808 - INFO - Fitz não encontrou ou não conseguiu ler, usando OCR (via GPU/CPU) para: RH - PRONTUARIO MEDICO-1110241-LOURIVAL RIBEIRO COSTA-8211.pdf
2025-06-04 09:47:57,868 - INFO - Fitz não encontrou ou não conseguiu ler, usando OCR (via GPU/CPU) para: RH - PRONTUARIO MEDICO-1110241-LOURIVAL RIBEIRO COSTA-8212.pdf
2025-06-04 09:47:59,073 - INFO - Fitz não encontrou ou não conseguiu ler, usando OCR (via GPU/CPU) para: RH - PRONTUARIO MEDICO-1110241-LOURIVAL RIBEIRO COSTA-8214.pdf
2025-06-04 09:48:13,920 - INFO - Fitz não encontrou ou não conseguiu ler, usando OCR (via GPU/CPU) para: RH - PRONTUARIO MEDICO-1110241-LOURIVAL RIBEIRO COSTA-8216.pdf
2025-06-04 09:48:22,509 - INFO - Progresso: 70/6245 PDFs processados. Último: RH - PRONTUARIO MEDICO-1110241-LOURIVAL RIBEIRO COSTA-8216.pdf - Não encontrado
2025-06-04 09:48:22,543 - INFO - Fitz não encontrou ou não conseguiu ler, usando OCR (via GPU/CPU) para: RH - PRONTUARIO MEDICO-1110241-LOURIVAL RIBEIRO COSTA-8217.pdf
2025-06-04 09:48:42,932 - INFO - Fitz não encontrou ou não conseguiu ler, usando OCR (via GPU/CPU) para: RH - PRONTUARIO MEDICO-1110241-LOURIVAL RIBEIRO COSTA-8219.pdf
2025-06-04 09:48:51,580 - INFO - Fitz não encontrou ou não conseguiu ler, usando OCR (via GPU/CPU) para: RH - PRONTUARIO MEDICO-1110241-LOURIVAL RIBEIRO COSTA-8221.pdf
2025-06-04 09:48:59,173 - INFO - Fitz não encontrou ou não conseguiu ler, usando OCR (via GPU/CPU) para: RH - PRONTUARIO MEDICO-1110241-LOURIVAL RIBEIRO COSTA-8223.pdf
2025-06-04 09:49:21,089 - INFO - Fitz não encontrou ou não conseguiu ler, usando OCR (via GPU/CPU) para: RH - PRONTUARIO MEDICO-1110241-LOURIVAL RIBEIRO COSTA-8225.pdf
